[SYSCALL] ID: 0x64 TID: 0x7 CR3: 0x207B000
[SYSCALL] ID: 0x8 TID: 0x4 CR3: 0x201D000
[SYSCALL] ID: 0x64 TID: 0x1 CR3: 0x1FCC000
[SYSCALL] ID: 0x61 TID: 0x5 CR3: 0x203A000
[SYSCALL] ID: 0x61 TID: 0x5 CR3: 0x203A000
[SYSCALL] ID: 0x64 TID: 0x1 CR3: 0x1FCC000
[SYSCALL] ID: 0x64 TID: 0x3 CR3: 0x1FFB000
[SYSCALL] ID: 0x64 TID: 0x4 CR3: 0x201D000
================================================================================
                     NEKKOTOP - REALTIME RESOURCE MONITOR                       
================================================================================
PID  NAME             CPU%   RES(KB)  VIRT(KB)  UID   STATE
--------------------------------------------------------------------------------
0    KERNEL           45%    0 K      0 K       0     [ROOT]      
1    ACPI.EXE         0%     44 K     44 K      0     [SLEEP]     
2    ID1              53%    0 K      0 K       0     [ROOT]      
3    ATA.EXE          0%     48 K     64 K      0     [SLEEP]     
4    FAT16.EXE        0%     88 K     116 K     0     [SLEEP]     
5    MOUSE.EXE        0%     40 K     40 K      0     [SLEEP]     
6    top.exe          0%     40 K     40 K      0     [ROOT]      
7    SHELL.EXE        0%     52 K     68 K      0     [SLEEP]     

================================================================================
                 Press 'q' to Quit NekkoTop and return to Shell            
                                                                                
                                                                                
                                                                                
[SYSCALL] ID: 0x4 TID: 0x6 CR3: 0x205C000
[SYSCALL] ID: 0x64 TID: 0x6 CR3: 0x205C000
[SYSCALL] ID: 0x4 TID: 0x7 CR3: 0x207B000
[SYSCALL] ID: 0x64 TID: 0x1 CR3: 0x1FCC000
[SYSCALL] ID: 0x8 TID: 0x4 CR3: 0x201D000
[SYSCALL] ID: 0x4 TID: 0x6 CR3: 0x205C000
[SYSCALL] ID: 0x4 TID: 0x7 CR3: 0x207B000
[SYSCALL] ID: 0xA TID: 0x6 CR3: 0x205C000
================================================================================
                     NEKKOTOP - REALTIME RESOURCE MONITOR                       
================================================================================
PID  NAME             CPU%   RES(KB)  VIRT(KB)  UID   STATE
--------------------------------------------------------------------------------
0    KERNEL           44%    0 K      0 K       0     [ROOT]      
1    ACPI.EXE         0%     44 K     44 K      0     [SLEEP]     
2    ID1              53%    0 K      0 K       0     [ROOT]      
3    ATA.EXE          0%     48 K     64 K      0     [SLEEP]     
4    FAT16.EXE        0%     88 K     116 K     0     [SLEEP]     
5    MOUSE.EXE        0%     40 K     40 K      0     [SLEEP]     
6    top.exe          0%     40 K     40 K      0     [ROOT]      
7    SHELL.EXE        0%     52 K     68 K      0     [SLEEP]     

================================================================================
                 Press 'q' to Quit NekkoTop and return to Shell            
                                                                                
                                                                                
                                                                                
[SYSCALL] ID: 0x8 TID: 0x3 CR3: 0x1FFB000
[SYSCALL] ID: 0xE TID: 0x5 CR3: 0x203A000
[SYSCALL] ID: 0x64 TID: 0x6 CR3: 0x205C000
[SYSCALL] ID: 0x64 TID: 0x1 CR3: 0x1FCC000
[SYSCALL] ID: 0x64 TID: 0x3 CR3: 0x1FFB000
[SYSCALL] ID: 0x4 TID: 0x6 CR3: 0x205C000
[SYSCALL] ID: 0x64 TID: 0x4 CR3: 0x201D000
[SYSCALL] ID: 0xA TID: 0x6 CR3: 0x205C000
================================================================================
                     NEKKOTOP - REALTIME RESOURCE MONITOR                       
================================================================================
PID  NAME             CPU%   RES(KB)  VIRT(KB)  UID   STATE
--------------------------------------------------------------------------------
0    KERNEL           47%    0 K      0 K       0     [ROOT]      
1    ACPI.EXE         0%     44 K     44 K      0     [ROOT]      
2    ID1              48%    0 K      0 K       0     [ROOT]      
3    ATA.EXE          0%     48 K     64 K      0     [SLEEP]     
4    FAT16.EXE        0%     88 K     116 K     0     [SLEEP]     
5    MOUSE.EXE        0%     40 K     40 K      0     [SLEEP]     
6    top.exe          0%     40 K     40 K      0     [ROOT]      
7    SHELL.EXE        1%     52 K     68 K      0     [SLEEP]     

================================================================================
                 Press 'q' to Quit NekkoTop and return to Shell            
                                                                                
                                                                                
                                                                                
[SYSCALL] ID: 0xE TID: 0x5 CR3: 0x203A000
[SYSCALL] ID: 0x61 TID: 0x5 CR3: 0x203A000
[SYSCALL] ID: 0x64 TID: 0x1 CR3: 0x1FCC000
[SYSCALL] ID: 0x4 TID: 0x6 CR3: 0x205C000
[SYSCALL] ID: 0x64 TID: 0x4 CR3: 0x201D000
[SYSCALL] ID: 0x8 TID: 0x1 CR3: 0x1FCC000
[SYSCALL] ID: 0x4 TID: 0x7 CR3: 0x207B000
[SYSCALL] ID: 0xA TID: 0x6 CR3: 0x205C000
================================================================================
                     NEKKOTOP - REALTIME RESOURCE MONITOR                       
================================================================================
PID  NAME             CPU%   RES(KB)  VIRT(KB)  UID   STATE
--------------------------------------------------------------------------------
0    KERNEL           46%    0 K      0 K       0     [ROOT]      
1    ACPI.EXE         0%     44 K     44 K      0     [SLEEP]     
2    ID1              47%    0 K      0 K       0     [ROOT]      
3    ATA.EXE          0%     48 K     64 K      0     [SLEEP]     
4    FAT16.EXE        1%     88 K     116 K     0     [ROOT]      
5    MOUSE.EXE        0%     40 K     40 K      0     [ROOT]      
6    top.exe          0%     40 K     40 K      0     [ROOT]      
7    SHELL.EXE        1%     52 K     68 K      0     [SLEEP]     

================================================================================
                 Press 'q' to Quit NekkoTop and return to Shell            
                                                                                
                                                                                
                                                                                
[SYSCALL] ID: 0x64 TID: 0x1 CR3: 0x1FCC000
[SYSCALL] ID: 0xE TID: 0x5 CR3: 0x203A000
[SYSCALL] ID: 0x8 TID: 0x4 CR3: 0x201D000
[SYSCALL] ID: 0x8 TID: 0x1 CR3: 0x1FCC000
[SYSCALL] ID: 0x4 TID: 0x6 CR3: 0x205C000
[SYSCALL] ID: 0x8 TID: 0x3 CR3: 0x1FFB000
[SYSCALL] ID: 0xE TID: 0x5 CR3: 0x203A000
================================================================================
                     NEKKOTOP - REALTIME RESOURCE MONITOR                       
================================================================================
PID  NAME             CPU%   RES(KB)  VIRT(KB)  UID   STATE
--------------------------------------------------------------------------------
0    KERNEL           42%    0 K      0 K       0     [ROOT]      
1    ACPI.EXE         0%     44 K     44 K      0     [SLEEP]     
2    ID1              53%    0 K      0 K       0     [ROOT]      
3    ATA.EXE          1%     48 K     64 K      0     [SLEEP]     
4    FAT16.EXE        0%     88 K     116 K     0     [SLEEP]     
5    MOUSE.EXE        0%     40 K     40 K      0     [SLEEP]     
6    top.exe          0%     40 K     40 K      0     [ROOT]      
7    SHELL.EXE        0%     52 K     68 K      0     [ROOT]      

================================================================================
                 Press 'q' to Quit NekkoTop and return to Shell            
                                                                                
                                                                                
                                                                                
[SYSCALL] ID: 0xE TID: 0x5 CR3: 0x203A000
[SYSCALL] ID: 0x64 TID: 0x7 CR3: 0x207B000
[SYSCALL] ID: 0x64 TID: 0x6 CR3: 0x205C000
[SYSCALL] ID: 0xE TID: 0x5 CR3: 0x203A000
[SYSCALL] ID: 0x64 TID: 0x6 CR3: 0x205C000
[SYSCALL] ID: 0xE TID: 0x5 CR3: 0x203A000
[SYSCALL] ID: 0x64 TID: 0x6 CR3: 0x205C000
[SYSCALL] ID: 0x8 TID: 0x1 CR3: 0x1FCC000
================================================================================
                     NEKKOTOP - REALTIME RESOURCE MONITOR                       
================================================================================
PID  NAME             CPU%   RES(KB)  VIRT(KB)  UID   STATE
--------------------------------------------------------------------------------
0    KERNEL           45%    0 K      0 K       0     [ROOT]      
1    ACPI.EXE         0%     44 K     44 K      0     [SLEEP]     
2    ID1              52%    0 K      0 K       0     [ROOT]      
3    ATA.EXE          0%     48 K     64 K      0     [SLEEP]     
4    FAT16.EXE        0%     88 K     116 K     0     [ROOT]      
5    MOUSE.EXE        0%     40 K     40 K      0     [SLEEP]     
6    top.exe          0%     40 K     40 K      0     [ROOT]      
7    SHELL.EXE        0%     52 K     68 K      0     [SLEEP]     

================================================================================
                 Press 'q' to Quit NekkoTop and return to Shell            
                                                                                
                                                                                
                                                                                
[SYSCALL] ID: 0x8 TID: 0x3 CR3: 0x1FFB000
[SYSCALL] ID: 0x4 TID: 0x7 CR3: 0x207B000
[SYSCALL] ID: 0xE TID: 0x5 CR3: 0x203A000
[SYSCALL] ID: 0x64 TID: 0x1 CR3: 0x1FCC000
[SYSCALL] ID: 0x64 TID: 0x4 CR3: 0x201D000
[SYSCALL] ID: 0xE TID: 0x5 CR3: 0x203A000
[SYSCALL] ID: 0x4 TID: 0x6 CR3: 0x205C000
[SYSCALL] ID: 0xA TID: 0x6 CR3: 0x205C000
================================================================================
                     NEKKOTOP - REALTIME RESOURCE MONITOR                       
================================================================================
PID  NAME             CPU%   RES(KB)  VIRT(KB)  UID   STATE
--------------------------------------------------------------------------------
0    KERNEL           45%    0 K      0 K       0     [ROOT]      
1    ACPI.EXE         0%     44 K     44 K      0     [ROOT]      
2    ID1              53%    0 K      0 K       0     [ROOT]      
3    ATA.EXE          0%     48 K     64 K      0     [ROOT]      
4    FAT16.EXE        0%     88 K     116 K     0     [SLEEP]     
5    MOUSE.EXE        0%     40 K     40 K      0     [ROOT]      
6    top.exe          0%     40 K     40 K      0     [ROOT]      
7    SHELL.EXE        0%     52 K     68 K      0     [SLEEP]     

================================================================================
                 Press 'q' to Quit NekkoTop and return to Shell            
                                                                                
                                                                                
                                                                                
[SYSCALL] ID: 0x64 TID: 0x6 CR3: 0x205C000
[SYSCALL] ID: 0xE TID: 0x5 CR3: 0x203A000
[SYSCALL] ID: 0x64 TID: 0x6 CR3: 0x205C000
[SYSCALL] ID: 0xE TID: 0x5 CR3: 0x203A000
[SYSCALL] ID: 0x8 TID: 0x1 CR3: 0x1FCC000
[SYSCALL] ID: 0xE TID: 0x5 CR3: 0x203A000
[SYSCALL] ID: 0x64 TID: 0x7 CR3: 0x207B000
================================================================================
                     NEKKOTOP - REALTIME RESOURCE MONITOR                       
================================================================================
PID  NAME             CPU%   RES(KB)  VIRT(KB)  UID   STATE
--------------------------------------------------------------------------------
0    KERNEL           45%    0 K      0 K       0     [ROOT]      
1    ACPI.EXE         0%     44 K     44 K      0     [SLEEP]     
2    ID1              53%    0 K      0 K       0     [ROOT]      
3    ATA.EXE          0%     48 K     64 K      0     [SLEEP]     
4    FAT16.EXE        0%     88 K     116 K     0     [SLEEP]     
5    MOUSE.EXE        0%     40 K     40 K      0     [SLEEP]     
6    top.exe          0%     40 K     40 K      0     [ROOT]      
7    SHELL.EXE        0%     52 K     68 K      0     [SLEEP]     

================================================================================
                 Press 'q' to Quit NekkoTop and return to Shell            
                                                                                
                                                                                
                                                                                
[SYSCALL] ID: 0x4 TID: 0x7 CR3: 0x207B000
[SYSCALL] ID: 0x8 TID: 0x3 CR3: 0x1FFB000
[SYSCALL] ID: 0xE TID: 0x5 CR3: 0x203A000
[SYSCALL] ID: 0x64 TID: 0x7 CR3: 0x207B000
[SYSCALL] ID: 0xE TID: 0x5 CR3: 0x203A000
[SYSCALL] ID: 0x64 TID: 0x7 CR3: 0x207B000
[SYSCALL] ID: 0xE TID: 0x5 CR3: 0x203A000
[SYSCALL] ID: 0xE TID: 0x5 CR3: 0x203A000
================================================================================
                     NEKKOTOP - REALTIME RESOURCE MONITOR                       
================================================================================
PID  NAME             CPU%   RES(KB)  VIRT(KB)  UID   STATE
--------------------------------------------------------------------------------
0    KERNEL           45%    0 K      0 K       0     [ROOT]      
1    ACPI.EXE         0%     44 K     44 K      0     [SLEEP]     
2    ID1              53%    0 K      0 K       0     [ROOT]      
3    ATA.EXE          0%     48 K     64 K      0     [SLEEP]     
4    FAT16.EXE        0%     88 K     116 K     0     [SLEEP]     
5    MOUSE.EXE        0%     40 K     40 K      0     [SLEEP]     
6    top.exe          0%     40 K     40 K      0     [ROOT]      
7    SHELL.EXE        0%     52 K     68 K      0     [SLEEP]     

================================================================================
                 Press 'q' to Quit NekkoTop and return to Shell            
                                                                                
                                                                                
                                                                                
[SYSCALL] ID: 0x4 TID: 0x7 CR3: 0x207B000
[SYSCALL] ID: 0x64 TID: 0x3 CR3: 0x1FFB000
[SYSCALL] ID: 0x61 TID: 0x5 CR3: 0x203A000
[SYSCALL] ID: 0x64 TID: 0x1 CR3: 0x1FCC000
[SYSCALL] ID: 0x64 TID: 0x4 CR3: 0x201D000
[SYSCALL] ID: 0x4 TID: 0x6 CR3: 0x205C000
[SYSCALL] ID: 0x4 TID: 0x7 CR3: 0x207B000
[SYSCALL] ID: 0xA TID: 0x6 CR3: 0x205C000
================================================================================
                     NEKKOTOP - REALTIME RESOURCE MONITOR                       
================================================================================
PID  NAME             CPU%   RES(KB)  VIRT(KB)  UID   STATE
--------------------------------------------------------------------------------
0    KERNEL           45%    0 K      0 K       0     [ROOT]      
1    ACPI.EXE         0%     44 K     44 K      0     [SLEEP]     
2    ID1              52%    0 K      0 K       0     [ROOT]      
3    ATA.EXE          0%     48 K     64 K      0     [SLEEP]     
4    FAT16.EXE        0%     88 K     116 K     0     [SLEEP]     
5    MOUSE.EXE        0%     40 K     40 K      0     [SLEEP]     
6    top.exe          0%     40 K     40 K      0     [ROOT]      
7    SHELL.EXE        0%     52 K     68 K      0     [SLEEP]     

================================================================================
                 Press 'q' to Quit NekkoTop and return to Shell            
                                                                                
                                                                                
                                                                                
[SYSCALL] ID: 0x8 TID: 0x4 CR3: 0x201D000
[SYSCALL] ID: 0xE TID: 0x5 CR3: 0x203A000
[SYSCALL] ID: 0xE TID: 0x5 CR3: 0x203A000
[SYSCALL] ID: 0x64 TID: 0x6 CR3: 0x205C000
[SYSCALL] ID: 0x8 TID: 0x4 CR3: 0x201D000

[!] MPU: SEGMENTATION FAULT IN RING 3 APP!
    -> Blocked Address: 0x00006A6800000295

   RIP: 0x00006A6800000295   RSP: 0x00006887C6E3DC98
   RAX: 0x0000000000000064   RBX: 0x000075C4A9B56000
   RCX: 0x00006887C6E3DD20   RDX: 0x000000000000002A
   CS : 0x0000000000000023   FLG: 0x0000000000013297
[!] PMM WARNING: Attempt to free unallocated page!
[!] PMM WARNING: Attempt to free unallocated page!
[!] PMM WARNING: Attempt to free unallocated page!
[!] PMM WARNING: Attempt to free unallocated page!
[!] PMM WARNING: Attempt to free unallocated page!
[!] PMM WARNING: Attempt to free unallocated page!
[!] PMM WARNING: Attempt to free unallocated page!
[!] PMM WARNING: Attempt to free unallocated page!
   RIP: 0x000000001CBEE2A3   RSP: 0x000000007FEF0F20
   RAX: 0x0000000000000000   RBX: 0x000000001CC066D4
   RCX: 0x000000007FEF0F78   RDX: 0x0000000000000001
   CS : 0x0000000000000008   FLG: 0x0000000000013012
0x0000000000000200
BdsDxe: loading Boot0002 "UEFI QEMU HARDDISK QM00013 " from PciRoot(0x0)/Pci(0x3,0x0)/Ata(Primary,Master,0x0)
BdsDxe: starting Boot0002 "UEFI QEMU HARDDISK QM00013 " from PciRoot(0x0)/Pci(0x3,0x0)/Ata(Primary,Master,0x0)
[+] SMP Memory Land (0x8000-0x9FFF) Reserved Successfully!
Total RAM: 16639 MB
RAM detect OK!
[+] ACPI 2.0 RSDP Found at 0x000000007F77E014
[BOOT] No Debugger detected. Booting Production Mode...
[DBG] KM: after UnlockScheduler
[DBG] KM: after SharedMemLock init
[DBG] KM: after Serial.Init
[DBG] KM: after Terminal.Init
=================================================
                    NEKKO OS
=================================================

[*] Reading memory map...
[DBG] KM: after PMM.Init
[*] Building Paging 4-Level (Strict Military Grade)...
[+] Hardware NX-Bit (No-Execute) Engaged!
qemu: terminating on signal 2

[nix-shell:~/Downloads/nekkoos]$ ./run.sh
[4/4] Build xong! Chay QEMU...
BdsDxe: loading Boot0002 "UEFI QEMU HARDDISK QM00013 " from PciRoot(0x0)/Pci(0x3,0x0)/Ata(Primary,Master,0x0)
BdsDxe: starting Boot0002 "UEFI QEMU HARDDISK QM00013 " from PciRoot(0x0)/Pci(0x3,0x0)/Ata(Primary,Master,0x0)
[+] SMP Memory Land (0x8000-0x9FFF) Reserved Successfully!
Total RAM: 4351 MB
RAM detect OK!
[+] ACPI 2.0 RSDP Found at 0x000000007FB7E014
[BOOT] No Debugger detected. Booting Production Mode...
[DBG] KM: after UnlockScheduler
[DBG] KM: after SharedMemLock init
[DBG] KM: after Serial.Init
[DBG] KM: after Terminal.Init
=================================================
                    NEKKO OS
=================================================

[*] Reading memory map...
[DBG] KM: after PMM.Init
[*] Building Paging 4-Level (Strict Military Grade)...
[+] Hardware NX-Bit (No-Execute) Engaged!
[+] VMM done! Exact memory space mapped & sealed bulletproof!
[DBG] KM: after VMM.Init
[*] Enforcing 8GB Strict Identity Paging against UEFI fragmentation...
[+] Fortress MPU Heap Initialized! (4MB Solid Block)
[+] Terminal Shadow Buffer Activated!
[+] VFS FAT16 Initialized Successfully!
[+] Core GDT and Ring 3 TSS Jail Forged in Steel!
[+] Multicore IDT (Interrupt Descriptor Table) Forged in PMM!
[*] Nuclear DMA Purge: Snipping ALL Rogue PCI Streams...
[+] IDT Shield & Nuclear DMA Purge Active! Boot Sequence Proceeding...
[+] IPC Mailbox (Atomic XCHG MPMC): 8192 slots secured.
[+] vDSO Gateway forged in RAM! Absolute KASLR Ready.
[+] Zero-Context Strands Engine Forged in Steel!
[+] Multiverse Scheduler Initialized! Threads Isolated.
[INFO] Kernel Text Address : 0x19804880
[INFO] Kernel Map Base   : 0x198047CF
[+] Process Started!
[*] Kernel: Waiting for ACPI Daemon to discover IOAPIC...

[*] ACPI Daemon (Ring 3): Booting up Power Management Protocol...
[+] FADT Parsed! PM1a Port: 0x0000000000000604
[+] AML Hack: Found DSDT \_S5_. Dynamic Shutdown Armed!
[+] Kernel APIC Driver: Awakening the Beast...
[DBG] APIC: LocalApicBaseVirt set
[DBG] APIC: Initial VMM.MapPage with kernel PML4 done
[DBG] APIC: Acquired scheduler lock
[DBG] APIC: Starting per-thread mapping loop
[DBG] APIC: Mapping per-thread PML4
[DBG] APIC: Mapping per-thread PML4
[DBG] APIC: Released scheduler lock
[DBG] APIC: Final VMM.MapPage (current PML4)
[+] APIC Calibrated! CPU APIC Ticks per 1ms: 38332
[+] Multi-Core Timer Engaged at 250Hz! The PIT is Officially DEAD!
[+] MADT Parsed! Local APIC Base: 0x00000000FEE00000
[+] HPET (High Precision Event Timer) Detected!
[+] ACPI Discovery Complete! Initializing SMP and IOAPIC...
[-] Legacy 8259 PIC has been completely silenced & disabled.
[+] I/O APIC Armed! PCIe/Hardware Interrupts routed natively.
[+] MCFG (PCI Express Config Space) Detected!
[*] SMP Controller: Reading Trampoline Payload...
[+] ACPI Daemon Armed & Listening for IPC Commands...
[DBG] SMP: pml4Mailbox= 0xA000
[DBG] SMP: entryMailbox= 0x19811840
[*] SMP Controller: Trampoline Armed at 0x8000. Sending SIPI Sequence...
[DBG] SMP: stackMailbox set= 0x1FF8000
[+] CPU Core Online! GDT & TSS Forged! Unleashed into Scheduler!
[+] SMP Initialization Complete! CPU Cores online: 2
[+] Process Started!
[+] ATA Daemon (Ring 3) Forged in Steel & Waiting...
   RIP: 0x0000000019804207   RSP: 0x000000007FEF0DA8
   RAX: 0x0000000000000000   RBX: 0x0000000019822F20
   RCX: 0x000000007FEF0DF8   RDX: 0x0000000000000001
   CS : 0x0000000000000008   FLG: 0x0000000000013002
0x0000000000002908
BdsDxe: loading Boot0002 "UEFI QEMU HARDDISK QM00013 " from PciRoot(0x0)/Pci(0x3,0x0)/Ata(Primary,Master,0x0)
BdsDxe: starting Boot0002 "UEFI QEMU HARDDISK QM00013 " from PciRoot(0x0)/Pci(0x3,0x0)/Ata(Primary,Master,0x0)
[+] SMP Memory Land (0x8000-0x9FFF) Reserved Successfully!
Total RAM: 4351 MB
RAM detect OK!
[+] ACPI 2.0 RSDP Found at 0x000000007FB7E014
[BOOT] No Debugger detected. Booting Production Mode...
[DBG] KM: after UnlockScheduler
[DBG] KM: after SharedMemLock init
[DBG] KM: after Serial.Init
[DBG] KM: after Terminal.Init
=================================================
                    NEKKO OS
=================================================

[*] Reading memory map...
[DBG] KM: after PMM.Init
[*] Building Paging 4-Level (Strict Military Grade)...
[+] Hardware NX-Bit (No-Execute) Engaged!
[+] VMM done! Exact memory space mapped & sealed bulletproof!
[DBG] KM: after VMM.Init
[*] Enforcing 8GB Strict Identity Paging against UEFI fragmentation...
[+] Fortress MPU Heap Initialized! (4MB Solid Block)
[+] Terminal Shadow Buffer Activated!
[+] VFS FAT16 Initialized Successfully!
[+] Core GDT and Ring 3 TSS Jail Forged in Steel!
[+] Multicore IDT (Interrupt Descriptor Table) Forged in PMM!
[*] Nuclear DMA Purge: Snipping ALL Rogue PCI Streams...
[+] IDT Shield & Nuclear DMA Purge Active! Boot Sequence Proceeding...
[+] IPC Mailbox (Atomic XCHG MPMC): 8192 slots secured.
[+] vDSO Gateway forged in RAM! Absolute KASLR Ready.
[+] Zero-Context Strands Engine Forged in Steel!
[+] Multiverse Scheduler Initialized! Threads Isolated.
[INFO] Kernel Text Address : 0x5749880
[INFO] Kernel Map Base   : 0x57497CF
[+] Process Started!
[*] Kernel: Waiting for ACPI Daemon to discover IOAPIC...

[*] ACPI Daemon (Ring 3): Booting up Power Management Protocol...
[+] FADT Parsed! PM1a Port: 0x0000000000000604
[+] AML Hack: Found DSDT \_S5_. Dynamic Shutdown Armed!
[+] Kernel APIC Driver: Awakening the Beast...
[DBG] APIC: LocalApicBaseVirt set
[DBG] APIC: Initial VMM.MapPage with kernel PML4 done
[DBG] APIC: Acquired scheduler lock
[DBG] APIC: Starting per-thread mapping loop
[DBG] APIC: Mapping per-thread PML4
[DBG] APIC: Mapping per-thread PML4
[DBG] APIC: Released scheduler lock
[DBG] APIC: Final VMM.MapPage (current PML4)
[+] APIC Calibrated! CPU APIC Ticks per 1ms: 30257
[+] Multi-Core Timer Engaged at 250Hz! The PIT is Officially DEAD!
[+] MADT Parsed! Local APIC Base: 0x00000000FEE00000
[+] HPET (High Precision Event Timer) Detected!
[+] ACPI Discovery Complete! Initializing SMP and IOAPIC...
[-] Legacy 8259 PIC has been completely silenced & disabled.
[+] I/O APIC Armed! PCIe/Hardware Interrupts routed natively.
[+] MCFG (PCI Express Config Space) Detected!
[*] SMP Controller: Reading Trampoline Payload...
[+] ACPI Daemon Armed & Listening for IPC Commands...
[DBG] SMP: pml4Mailbox= 0xA000
[DBG] SMP: entryMailbox= 0x5756840
[*] SMP Controller: Trampoline Armed at 0x8000. Sending SIPI Sequence...
[DBG] SMP: stackMailbox set= 0x1FF8000
[+] CPU Core Online! GDT & TSS Forged! Unleashed into Scheduler!
[+] SMP Initialization Complete! CPU Cores online: 2
[+] Process Started!
[+] ATA Daemon (Ring 3) Forged in Steel & Waiting...
[SYSCALL] ID: 0x64 TID: 0x1 CR3: 0x1FCC000
[+] Process Started!
[*] FAT Server (Ring 3) Initializing... Calling ATA via IPC...
[!] App not found on disk!
[!] FATAL KERNEL ERROR: MOUSE.EXE is missing or corrupted!
[!] FATAL: Invalid partition in FAT16 Driver!
BdsDxe: loading Boot0002 "UEFI QEMU HARDDISK QM00013 " from PciRoot(0x0)/Pci(0x3,0x0)/Ata(Primary,Master,0x0)
BdsDxe: starting Boot0002 "UEFI QEMU HARDDISK QM00013 " from PciRoot(0x0)/Pci(0x3,0x0)/Ata(Primary,Master,0x0)
[+] SMP Memory Land (0x8000-0x9FFF) Reserved Successfully!
Total RAM: 4351 MB
RAM detect OK!
[+] ACPI 2.0 RSDP Found at 0x000000007FB7E014
[BOOT] No Debugger detected. Booting Production Mode...
[DBG] KM: after UnlockScheduler
[DBG] KM: after SharedMemLock init
[DBG] KM: after Serial.Init
[DBG] KM: after Terminal.Init
=================================================
                    NEKKO OS
=================================================

[*] Reading memory map...
[DBG] KM: after PMM.Init
[*] Building Paging 4-Level (Strict Military Grade)...
[+] Hardware NX-Bit (No-Execute) Engaged!
[+] VMM done! Exact memory space mapped & sealed bulletproof!
[DBG] KM: after VMM.Init
[*] Enforcing 8GB Strict Identity Paging against UEFI fragmentation...
[+] Fortress MPU Heap Initialized! (4MB Solid Block)
[+] Terminal Shadow Buffer Activated!
[+] VFS FAT16 Initialized Successfully!
[+] Core GDT and Ring 3 TSS Jail Forged in Steel!
[+] Multicore IDT (Interrupt Descriptor Table) Forged in PMM!
[*] Nuclear DMA Purge: Snipping ALL Rogue PCI Streams...
[+] IDT Shield & Nuclear DMA Purge Active! Boot Sequence Proceeding...
[+] IPC Mailbox (Atomic XCHG MPMC): 8192 slots secured.
[+] vDSO Gateway forged in RAM! Absolute KASLR Ready.
[+] Zero-Context Strands Engine Forged in Steel!
[+] Multiverse Scheduler Initialized! Threads Isolated.
[INFO] Kernel Text Address : 0x94EA880
[INFO] Kernel Map Base   : 0x94EA7CF
[+] Process Started!

[*] ACPI Daemon (Ring 3): Booting up Power Management Protocol...
[+] FADT Parsed! PM1a Port: 0x0000000000000604[*] Kernel: Waiting for ACPI Daemon to discover IOAPIC...

[+] AML Hack: Found DSDT \_S5_. Dynamic Shutdown Armed!
[+] Kernel APIC Driver: Awakening the Beast...
[DBG] APIC: LocalApicBaseVirt set
[DBG] APIC: Initial VMM.MapPage with kernel PML4 done
[DBG] APIC: Acquired scheduler lock
[DBG] APIC: Starting per-thread mapping loop
[DBG] APIC: Mapping per-thread PML4
[DBG] APIC: Mapping per-thread PML4
[DBG] APIC: Released scheduler lock
[DBG] APIC: Final VMM.MapPage (current PML4)
[+] APIC Calibrated! CPU APIC Ticks per 1ms: 13591
[+] Multi-Core Timer Engaged at 250Hz! The PIT is Officially DEAD!
[+] MADT Parsed! Local APIC Base: 0x00000000FEE00000
[+] HPET (High Precision Event Timer) Detected!
[+] ACPI Discovery Complete! Initializing SMP and IOAPIC...
[-] Legacy 8259 PIC has been completely silenced & disabled.
[+] I/O APIC Armed! PCIe/Hardware Interrupts routed natively.
[+] MCFG (PCI Express Config Space) Detected!
[*] SMP Controller: Reading Trampoline Payload...
[+] ACPI Daemon Armed & Listening for IPC Commands...
[DBG] SMP: pml4Mailbox= 0xA000
[DBG] SMP: entryMailbox= 0x94F7840
[*] SMP Controller: Trampoline Armed at 0x8000. Sending SIPI Sequence...
[DBG] SMP: stackMailbox set= 0x1FF8000
[+] CPU Core Online! GDT & TSS Forged! Unleashed into Scheduler!
[+] SMP Initialization Complete! CPU Cores online: 2
[+] Process Started!
[+] ATA Daemon (Ring 3) Forged in Steel & Waiting...
   RIP: 0x00000000094EA207   RSP: 0x000000007FEF0DA8
   RAX: 0x0000000000000000   RBX: 0x0000000009508F20
   RCX: 0x000000007FEF0DF8   RDX: 0x0000000000000001
   CS : 0x0000000000000008   FLG: 0x0000000000013002
0x0000000000008908