[4/4] Build xong! Chay QEMU...
[2J[001;001H[=3h[2J[001;001H[2J[001;001H[8;042;160t[2J[001;001H[2J[001;001H[8;056;240t[2J[001;001HBdsDxe: loading Boot0002 "UEFI QEMU HARDDISK QM00013 " from PciRoot(0x0)/Pci(0x3,0x0)/Ata(Primary,Master,0x0)
BdsDxe: starting Boot0002 "UEFI QEMU HARDDISK QM00013 " from PciRoot(0x0)/Pci(0x3,0x0)/Ata(Primary,Master,0x0)
[1m[32m[40m[+] SMP Memory Land (0x8000-0x9FFF) Reserved Successfully!
[1m[33m[40mTotal RAM: 16639 MB
RAM detect OK!
[1m[37m[40m[+] ACPI 2.0 RSDP Found at 0x000000007F77E014
[BOOT] No Debugger detected. Booting Production Mode...
[DBG] KM: after UnlockScheduler
[DBG] KM: after SharedMemLock init
[DBG] KM: after Serial.Init
[DBG] KM: after Terminal.Init
=================================================
                    NEKKO OS
=================================================

[*] Reading memory map...
[DBG] KM: after PMM.Init
[*] Building Paging 4-Level (Strict Military Grade)...
[+] Hardware NX-Bit (No-Execute) Engaged!
[+] VMM done! Exact memory space mapped & sealed bulletproof!
[DBG] KM: after VMM.Init
[*] Enforcing 8GB Strict Identity Paging against UEFI fragmentation...
[+] Fortress MPU Heap Initialized! (4MB Solid Block)
[+] Terminal Shadow Buffer Activated!
[+] VFS FAT16 Initialized Successfully!
[+] Core GDT and Ring 3 TSS Jail Forged in Steel!
DEBUG: TSSEntry.Iopb Offset: 0x0000000000000068
[+] Multicore IDT (Interrupt Descriptor Table) Forged in PMM!
[*] Nuclear DMA Purge: Snipping ALL Rogue PCI Streams...
[+] IDT Shield & Nuclear DMA Purge Active! Boot Sequence Proceeding...
[+] IPC Mailbox (Atomic XCHG MPMC): 8192 slots secured.
[+] vDSO Gateway forged in RAM! Absolute KASLR Ready.
[+] Zero-Context Strands Engine Forged in Steel!
[+] Multiverse Scheduler Initialized! Threads Isolated.
[INFO] Kernel Text Address : 0x11AE1880
[INFO] Kernel Map Base   : 0x11AE17CF
[+] Process Started!
[*] Kernel: Waiting for ACPI Daemon to discover IOAPIC...

[*] ACPI Daemon (Ring 3): Booting up Power Management Protocol...
[+] FADT Parsed! PM1a Port: 0x0000000000000604
[+] AML Hack: Found DSDT \_S5_. Dynamic Shutdown Armed!
[+] Kernel APIC Driver: Awakening the Beast...
[DBG] APIC: LocalApicBaseVirt set
[DBG] APIC: Initial VMM.MapPage with kernel PML4 done
[DBG] APIC: Acquired scheduler lock
[DBG] APIC: Starting per-thread mapping loop
[DBG] APIC: Mapping per-thread PML4
[DBG] APIC: Mapping per-thread PML4
[DBG] APIC: Released scheduler lock
[DBG] APIC: Final VMM.MapPage (current PML4)
[+] APIC Calibrated! CPU APIC Ticks per 1ms: 57597
[+] Multi-Core Timer Engaged at 250Hz! The PIT is Officially DEAD!
[+] MADT Parsed! Local APIC Base: 0x00000000FEE00000
[+] HPET (High Precision Event Timer) Detected!
[+] ACPI Discovery Complete! Initializing SMP and IOAPIC...
[-] Legacy 8259 PIC has been completely silenced & disabled.
[+] MCFG (PCI Express Config Space) Detected!
[+] I/O APIC Armed! PCIe/Hardware Interrupts routed natively.
[*] SMP Controller: Reading Trampoline Payload...
[DBG] SMP: pml4Mailbox= 0xA000
[DBG] SMP: entryMailbox= 0x11AEE8A0
[+] ACPI Daemon Armed & Listening for IPC Commands...
[*] SMP Controller: Trampoline Armed at 0x8000. Sending SIPI Sequence...
[DBG] SMP: stackMailbox set= 0x1FF8000
[+] CPU Core Online! GDT & TSS Forged! Unleashed into Scheduler!
[+] SMP Initialization Complete! CPU Cores online: 2
[+] Process Started!
[+] ATA Daemon (Ring 3) Forged in Steel & Waiting...
   RIP: 0x0000000011AE1207   RSP: 0x000000007FEF0DA8
   RAX: 0x0000000000000000   RBX: 0x0000000011B00008
   RCX: 0x000000007FEF0DF8   RDX: 0x0000000000000001
   CS : 0x0000000000000008   FLG: 0x0000000000013002
0x0000000000002B80[2J[001;001H[=3h[2J[001;001H[2J[001;001H[8;042;160t[2J[001;001H[2J[001;001H[8;056;240t[2J[001;001H