[nix-shell:~/Downloads/nekkoos/src]$ ls -l
total 724
-rw-r--r-- 1 nekkochan users 17936 Thg 6  29 15:49 acpi.cs
-rw-r--r-- 1 nekkochan users 10390 Thg 5  25 10:40 APIC.cs
-rw-r--r-- 1 nekkochan users  7732 Thg 7   3 08:15 API.cs
-rw-r--r-- 1 nekkochan users 14003 Thg 5  25 10:40 ATA.cs
-rw-r--r-- 1 nekkochan users 12255 Thg 5  25 10:40 ATA_Driver.cs
-rw-r--r-- 1 nekkochan users 71475 Thg 7   3 11:03 Boot.cs
-rw-r--r-- 1 nekkochan users   422 Thg 5  25 10:40 boot_io.asm
-rw-r--r-- 1 nekkochan users 16447 Thg 5  25 10:40 dsrv.cs
-rw-r--r-- 1 nekkochan users 11102 Thg 5  25 10:40 explorer.cs
-rw-r--r-- 1 nekkochan users 43305 Thg 5  25 10:40 FAT16.cs
-rw-r--r-- 1 nekkochan users 54419 Thg 6  30 15:04 FAT16_Driver.cs
-rw-r--r-- 1 nekkochan users  9604 Thg 5  25 10:40 GDT.cs
-rw-r--r-- 1 nekkochan users   248 Thg 5  25 10:40 GlobalUsings.cs
-rw-r--r-- 1 nekkochan users 16121 Thg 6  30 14:25 Hardware.asm
-rw-r--r-- 1 nekkochan users 11588 Thg 5  25 10:40 Heap.cs
-rw-r--r-- 1 nekkochan users  6175 Thg 5  25 10:40 IDT.cs
-rw-r--r-- 1 nekkochan users 19650 Thg 7   3 09:16 InterruptHandlers.cs
-rw-r--r-- 1 nekkochan users  8488 Thg 5  25 10:40 IOAPIC.cs
-rw-r--r-- 1 nekkochan users   995 Thg 5  25 10:40 IO.cs
-rw-r--r-- 1 nekkochan users  9329 Thg 6  30 15:26 IPC.cs
-rw-r--r-- 1 nekkochan users  3142 Thg 6  29 17:15 ISR.cs
-rw-r--r-- 1 nekkochan users 18896 Thg 6  29 17:15 Kernel.cs
-rw-r--r-- 1 nekkochan users  5058 Thg 5  25 10:40 KeyboardDriver.cs
-rw-r--r-- 1 nekkochan users 15919 Thg 5  25 10:40 LibC.cs
-rw-r--r-- 1 nekkochan users  9089 Thg 5  25 10:40 Login.cs
-rw-r--r-- 1 nekkochan users  3761 Thg 5  25 10:40 Mouse.cs
-rw-r--r-- 1 nekkochan users   141 Thg 5  25 10:40 MouseDriver.cs
-rw-r--r-- 1 nekkochan users  6487 Thg 5  25 10:40 PCI.cs
-rw-r--r-- 1 nekkochan users 20514 Thg 6  25 18:00 PELoader.cs
-rw-r--r-- 1 nekkochan users  1193 Thg 5  25 10:40 PIC.cs
-rw-r--r-- 1 nekkochan users  3147 Thg 5  25 10:40 PIT.cs
-rw-r--r-- 1 nekkochan users 15117 Thg 5  25 10:40 PMM.cs
-rw-r--r-- 1 nekkochan users  9217 Thg 5  25 10:40 Power.cs
-rw-r--r-- 1 nekkochan users  3409 Thg 5  25 10:40 PRNG.cs
-rw-r--r-- 1 nekkochan users  3999 Thg 5  25 10:40 RTC.cs
-rw-r--r-- 1 nekkochan users  3188 Thg 5  25 10:40 Serial.cs
-rw-r--r-- 1 nekkochan users 25131 Thg 5  25 10:40 Shell.cs
-rw-r--r-- 1 nekkochan users 17099 Thg 6  30 16:05 SMP.cs
-rw-r--r-- 1 nekkochan users  6319 Thg 5  25 10:40 smp_x86.asm
-rw-r--r-- 1 nekkochan users  3586 Thg 5  25 10:40 Spinlock.cs
-rw-r--r-- 1 nekkochan users  3476 Thg 5  25 10:40 StrandScheduler.cs
-rw-r--r-- 1 nekkochan users  2605 Thg 6  30 17:22 stresstest.cs
-rw-r--r-- 1 nekkochan users 42176 Thg 6  30 15:45 Syscall.cs
-rw-r--r-- 1 nekkochan users   443 Thg 5  25 10:40 System.Runtime.CompilerServices.cs
-rw-r--r-- 1 nekkochan users   272 Thg 5  25 10:40 System.Runtime.InteropServices.cs
-rw-r--r-- 1 nekkochan users 16631 Thg 5  25 10:40 Terminal.cs
-rw-r--r-- 1 nekkochan users 25110 Thg 7   3 08:57 Thread.cs
-rw-r--r-- 1 nekkochan users  7681 Thg 5  25 10:40 top.cs
-rw-r--r-- 1 nekkochan users  5338 Thg 7   3 06:58 vDSO.cs
-rw-r--r-- 1 nekkochan users 12715 Thg 5  25 10:40 VMM.cs

[nix-shell:~/Downloads/nekkoos/src]$ 